          1      32      32       h      001    2972.000
          2      33      33       h      001    4073.000
          3      34      34       h      001    5226.000
          4      35      35       h      001    5900.000
          5      36      36       h      001    6954.000
          6      37      37       h      001    8673.000
          7      38      38       h      001   10163.000
          8      39      39       h      001   12072.000
          9      40      40       h      001   13879.000
         10      41      41       h      001   15701.000
         11      42      42       h      001   17580.000
         12      43      43       h      001   19311.000
         13      44      44       h      001   20946.000
         14      45      45       h      001   22672.000
         15      46      46       h      001   24543.000
         16      47      47       h      001   26131.000
         17      48      48       d      001    6507.000
         18      48      48       h      001   27302.000
         19      49      49       d      001    7560.000
         20      49      49       h      001   28003.000
         21      50      50       d      001    8078.000
         22      50      50       h      001   28747.000
         23      51      51       d      001    8911.000
         24      51      51       h      001   29569.000
         25      52      52       d      001   10328.000
         26      52      52       h      001   29871.000
         27      53      53       d      001   10869.000
         28      53      53       h      001   30217.000
         29      54      54       d      001   12210.000
         30      54      54       h      001   30608.000
         31      55      55       d      001   13197.000
         32      55      55       h      001   31108.000
         33      56      56       d      001   13832.000
         34      56      56       h      001   31159.000
         35      57      57       d      001   14393.000
         36      57      57       h      001   31665.000
         37      58      58       d      001   14967.000
         38      58      58       h      001   31952.000
         39      59      59       d      001   15729.000
         40      59      59       h      001   32131.000
         41      60      60       d      001   17167.000
         42      60      60       h      001   31623.000
         43      61      61       d      001   17913.000
         44      61      61       h      001   31172.000
         45      62      62       d      001   18673.000
         46      62      62       h      001   31061.000
         47      63      63       d      001   19315.000
         48      63      63       h      001   30515.000
         49      64      64       d      001   19710.000
         50      64      64       h      001   30486.000
         51      65      65       d      001   20257.000
         52      65      65       h      001   30462.000
         53      66      66       d      001   20788.000
         54      66      66       h      001   29984.000
         55      67      67       d      001   21329.000
         56      67      67       h      001   29627.000
         57      68      68       d      001   21845.000
         58      68      68       h      001   29113.000
         59      69      69       d      001   22234.000
         60      69      69       h      001   28554.000
         61      70      70       d      001   22603.000
         62      70      70       h      001   28119.000
         63      71      71       d      001   22845.000
         64      71      71       h      001   28114.000
         65      72      72       d      001   23282.000
         66      72      72       h      001   27954.000
         67      73      73       d      001   23526.000
         68      73      73       h      001   27607.000
         69      74      74       d      001   24075.000
         70      74      74       h      001   26736.000
         71      75      75       d      001   24363.000
         72      75      75       h      001   26192.000
         73      76      76       d      001   24575.000
         74      76      76       h      001   25809.000
         75      77      77       d      001   24741.000
         76      77      77       h      001   25751.000
         77      78      78       d      001   24876.000
         78      78      78       h      001   25739.000
         79      79      79       d      001   25182.000
         80      79      79       h      001   25472.000
         81      80      80       d      001   25512.000
         82      80      80       h      001   24701.000
         83      81      81       d      001   25790.000
         84      81      81       h      001   23912.000
         85      82      82       d      001   25968.000
         86      82      82       h      001   23139.000
         87      83      83       d      001   26211.000
         88      83      83       h      001   22657.000
         89      84      84       d      001   26291.000
         90      84      84       h      001   22547.000
         91      85      85       d      001   26361.000
         92      85      85       h      001   22502.000
         93      86      86       d      001   26624.000
         94      86      86       h      001   22219.000
         95      87      87       d      001   26972.000
         96      87      87       h      001   21530.000
         97      88      88       d      001   27055.000
         98      88      88       h      001   21009.000
         99      89      89       d      001   27406.000
        100      89      89       h      001   20401.000
        101      90      90       d      001   27510.000
        102      90      90       h      001   19801.000
        103      91      91       d      001   27606.000
        104      91      91       h      001   19372.000
        105      92      92       d      001   28089.000
        106      92      92       h      001   19302.000
        107      93      93       d      001   28220.000
        108      93      93       h      001   18956.000
        109      94      94       d      001   28003.000
        110      94      94       h      001   18409.000
        111      95      95       d      001   28113.000
        112      95      95       h      001   17882.000
        113      96      96       d      001   28196.000
        114      96      96       h      001   17527.000
        115      97      97       d      001   28270.000
        116      97      97       h      001   17327.000
        117      98      98       d      001   28313.000
        118      98      98       h      001   17122.000
        119      99      99       d      001   28348.000
        120      99      99       h      001   17129.000
        121     100     100       d      001   28413.000
        122     100     100       h      001   16742.000
        123     101     101       d      001   28510.000
        124     101     101       h      001   16209.000
        125     102     102       d      001   28576.000
        126     102     102       h      001   15627.000
        127     103     103       d      001   28642.000
        128     103     103       h      001   15155.000
        129     104     104       d      001   28694.000
        130     104     104       h      001   14643.000
        131     105     105       d      001   28751.000
        132     105     105       h      001   14329.000
        133     106     106       d      001   28782.000
        134     106     106       h      001   14271.000
        135     107     107       d      001   28813.000
        136     107     107       h      001   14237.000
        137     108     108       d      001   28920.000
        138     108     108       h      001   13978.000
        139     109     109       d      001   29001.000
        140     109     109       h      001   13465.000
        141     110     110       d      001   29045.000
        142     110     110       h      001   13054.000
        143     111     111       d      001   29091.000
        144     111     111       h      001   12650.000
        145     112     112       d      001   29122.000
        146     112     112       h      001   12433.000
        147     113     113       d      001   29135.000
        148     113     113       h      001   12415.000
        149     114     114       d      001   29189.000
        150     114     114       h      001   12269.000
        151     115     115       d      001   29276.000
        152     115     115       h      001   11915.000
        153     116     116       d      001   29299.000
        154     116     116       h      001   11632.000
        155     117     117       d      001   29326.000
        156     117     117       h      001   11420.000
        157     118     118       d      001   29354.000
        158     118     118       h      001   11079.000
        159     119     119       d      001   29378.000
        160     119     119       h      001   10864.000
        161     120     120       d      001   29387.000
        162     120     120       h      001   10836.000
        163     121     121       d      001   29416.000
        164     121     121       h      001   10707.000
        165     122     122       d      001   29527.000
        166     122     122       h      001   10490.000
        167     123     123       d      001   29555.000
        168     123     123       h      001   10222.000
        169     124     124       d      001   29583.000
        170     124     124       h      001   10080.000
        171     125     125       d      001   29597.000
        172     125     125       h      001    9925.000
        173     126     126       d      001   29613.000
        174     126     126       h      001    9792.000
        175     127     127       d      001   29620.000
        176     127     127       h      001    9778.000
        177     128     128       d      001   29643.000
        178     128     128       h      001    9648.000
        179     129     129       d      001   29700.000
        180     129     129       h      001    9446.000
        181     130     130       d      001   29711.000
        182     130     130       h      001    9254.000
        183     131     131       d      001   29732.000
        184     131     131       h      001    9096.000
        185     132     132       d      001   29758.000
        186     132     132       h      001    8841.000
        187     133     133       d      001   29773.000
        188     133     133       h      001    8715.000
        189     134     134       d      001   29775.000
        190     134     134       h      001    8727.000
        191     135     135       d      001   29793.000
        192     135     135       h      001    8643.000
        193     136     136       d      001   29823.000
        194     136     136       h      001    8491.000
        195     137     137       d      001   29841.000
        196     137     137       h      001    8291.000
        197     138     138       d      001   29855.000
        198     138     138       h      001    8103.000
        199     139     139       d      001   29873.000
        200     139     139       h      001    7946.000
        201     140     140       d      001   29885.000
        202     140     140       h      001    7863.000
        203     141     141       d      001   29887.000
        204     141     141       h      001    7863.000
        205     142     142       d      001   29900.000
        206     142     142       h      001    7806.000
        207     143     143       d      001   29913.000
        208     143     143       h      001    7550.000
        209     144     144       d      001   29945.000
        210     144     144       h      001    7254.000
        211     145     145       d      001   29959.000
        212     145     145       h      001    7134.000
        213     146     146       d      001   29984.000
        214     146     146       h      001    7020.000
        215     147     147       d      001   29990.000
        216     147     147       h      001    6995.000
        217     148     148       d      001   29991.000
        218     148     148       h      001    6991.000
        219     149     149       d      001   30009.000
        220     149     149       h      001    6941.000
        221     150     150       d      001   30015.000
        222     150     150       h      001    6907.000
        223     151     151       d      001   30100.000
        224     151     151       h      001    6873.000
        225     152     152       d      001   30118.000
        226     152     152       h      001    6754.000
        227     153     153       d      001   30132.000
        228     153     153       h      001    6646.000
        229     154     154       d      001   30140.000
        230     154     154       h      001    6614.000
        231     155     155       d      001   30141.000
        232     155     155       h      001    6583.000
        233     156     156       d      001   30157.000
        234     156     156       h      001    6547.000
        235     157     157       d      001   30145.000
        236     157     157       h      001    6440.000
        237     158     158       d      001   30152.000
        238     158     158       h      001    6324.000
        239     159     159       d      001   30162.000
        240     159     159       h      001    5915.000
        241     160     160       d      001   30172.000
        242     160     160       h      001    5678.000
        243     161     161       d      001   30180.000
        244     161     161       h      001    5634.000
        245     162     162       d      001   30181.000
        246     162     162       h      001    5640.000
        247     163     163       d      001   30189.000
        248     163     163       h      001    5614.000
        249     164     164       d      001   30203.000
        250     164     164       h      001    5510.000
        251     165     165       d      001   30218.000
        252     165     165       h      001    5409.000
        253     166     166       d      001   30234.000
        254     166     166       h      001    5334.000
        255     167     167       d      001   30245.000
        256     167     167       h      001    5257.000
        257     168     168       d      001   30251.000
        258     168     168       h      001    5177.000
        259     169     169       d      001   30252.000
        260     169     169       h      001    5188.000
        261     170     170       d      001   30274.000
        262     170     170       h      001    5157.000
        263     171     171       d      001   30276.000
        264     171     171       h      001    5121.000
        265     172     172       d      001   30285.000
        266     172     172       h      001    5107.000
        267     173     173       d      001   30292.000
        268     173     173       h      001    5019.000
        269     174     174       d      001   30304.000
        270     174     174       h      001    4970.000
        271     175     175       d      001   30306.000
        272     175     175       h      001    4981.000
        273     176     176       d      001   30306.000
        274     176     176       h      001    4992.000
        275     177     177       d      001   30320.000
        276     177     177       h      001    5004.000
        277     178     178       d      001   30334.000
        278     178     178       h      001    4971.000
        279     179     179       d      001   30351.000
        280     179     179       h      001    4850.000
        281     180     180       d      001   30368.000
        282     180     180       h      001    4824.000
        283     181     181       d      001   30386.000
        284     181     181       h      001    4788.000
        285     182     182       d      001   30389.000
        286     182     182       h      001    4817.000
        287     183     183       d      001   30390.000
        288     183     183       h      001    4820.000
        289     184     184       d      001   30409.000
        290     184     184       h      001    4885.000
        291     185     185       d      001   30431.000
        292     185     185       h      001    4783.000
        293     186     186       d      001   30448.000
        294     186     186       h      001    4781.000
        295     187     187       d      001   30460.000
        296     187     187       h      001    4723.000
        297     188     188       d      001   30483.000
        298     188     188       h      001    4720.000
        299     189     189       d      001   30491.000
        300     189     189       h      001    4685.000
        301     190     190       d      001   30492.000
        302     190     190       h      001    4683.000
        303     191     191       d      001   30507.000
        304     191     191       h      001    4664.000
        305     192     192       d      001   30522.000
        306     192     192       h      001    4578.000
        307     193     193       d      001   30540.000
        308     193     193       h      001    4535.000
        309     194     194       d      001   30552.000
        310     194     194       h      001    4517.000
        311     195     195       d      001   30572.000
        312     195     195       h      001    4517.000
        313     196     196       d      001   30578.000
        314     196     196       h      001    4512.000
        315     197     197       d      001   30582.000
        316     197     197       h      001    4517.000
        317     198     198       d      001   30611.000
        318     198     198       h      001    4564.000
        319     199     199       d      001   30637.000
        320     199     199       h      001    4586.000
        321     200     200       d      001   30662.000
        322     200     200       h      001    4614.000
        323     201     201       d      001   30682.000
        324     201     201       h      001    4625.000
        325     202     202       d      001   30662.000
        326     202     202       h      001    4653.000
        327     203     203       d      001   30674.000
        328     203     203       h      001    4667.000
        329     204     204       d      001   30677.000
        330     204     204       h      001    4697.000
        331     205     205       d      001   30702.000
        332     205     205       h      001    4889.000
        333     206     206       d      001   30740.000
        334     206     206       h      001    4942.000
        335     207     207       d      001   30770.000
        336     207     207       h      001    4985.000
        337     208     208       d      001   30789.000
        338     208     208       h      001    5077.000
        339     209     209       d      001   30869.000
        340     209     209       h      001    5136.000
        341     210     210       d      001   30886.000
        342     210     210       h      001    5176.000
        343     211     211       d      001   30892.000
        344     211     211       h      001    5228.000
        345     212     212       d      001   30926.000
        346     212     212       h      001    5479.000
        347     213     213       d      001   30975.000
        348     213     213       h      001    5660.000
        349     214     214       d      001   31021.000
        350     214     214       h      001    5800.000
        351     215     215       d      001   31071.000
        352     215     215       h      001    5825.000
        353     216     216       d      001   31225.000
        354     216     216       h      001    5800.000
        355     217     217       d      001   31250.000
        356     217     217       h      001    5493.000
        357     218     218       d      001   31261.000
        358     218     218       h      001    5356.000
        359     219     219       d      001   31314.000
        360     219     219       h      001    5597.000
        361     220     220       d      001   31392.000
        362     220     220       h      001    5777.000
        363     221     221       d      001   31435.000
        364     221     221       h      001    5913.000
        365     222     222       d      001   31487.000
        366     222     222       h      001    6012.000
        367     223     223       d      001   31637.000
        368     223     223       h      001    6110.000
        369     224     224       d      001   31676.000
        370     224     224       h      001    6154.000
        371     225     225       d      001   31703.000
        372     225     225       h      001    6235.000
        373     226     226       d      001   31784.000
        374     226     226       h      001    6397.000
        375     227     227       d      001   31869.000
        376     227     227       h      001    6482.000
        377     228     228       d      001   31932.000
        378     228     228       h      001    6572.000
        379     229     229       d      001   31995.000
        380     229     229       h      001    6634.000
        381     230     230       d      001   32131.000
        382     230     230       h      001    6740.000
        383     231     231       d      001   32174.000
        384     231     231       h      001    6740.000
        385     232     232       d      001   32206.000
        386     232     232       h      001    6964.000
        387     233     233       d      001   32275.000
        388     233     233       h      001    7276.000
        389     234     234       d      001   32341.000
        390     234     234       h      001    7377.000
        391     235     235       d      001   32421.000
        392     235     235       h      001    7514.000
        393     236     236       d      001   32497.000
        394     236     236       h      001    7603.000
        395     237     237       d      001   32606.000
        396     237     237       h      001    7843.000
        397     238     238       d      001   32660.000
        398     238     238       h      001    7976.000
        399     239     239       d      001   32706.000
        400     239     239       h      001    8231.000
        401     240     240       d      001   32801.000
        402     240     240       h      001    8671.000
        403     241     241       d      001   32909.000
        404     241     241       h      001    8928.000
        405     242     242       d      001   33013.000
        406     242     242       h      001    9173.000
        407     243     243       d      001   33101.000
        408     243     243       h      001    9584.000
        409     244     244       d      001   33279.000
        410     244     244       h      001   10021.000
        411     245     245       d      001   33368.000
        412     245     245       h      001   10399.000
        413     246     246       d      001   33453.000
        414     246     246       h      001   10897.000
        415     247     247       d      001   33599.000
        416     247     247       h      001   11640.000
        417     248     248       d      001   33861.000
        418     248     248       h      001   12435.000
        419     249     249       d      001   34024.000
        420     249     249       h      001   13162.000
        421     250     250       d      001   34186.000
        422     250     250       h      001   14009.000
        423     251     251       d      001   34484.000
        424     251     251       h      001   14985.000
        425     252     252       d      001   34621.000
        426     252     252       h      001   15637.000
        427     253     253       d      001   34737.000
        428     253     253       h      001   16454.000
        429     254     254       d      001   34994.000
        430     254     254       h      001   17761.000
        431     255     255       d      001   35517.000
        432     255     255       h      001   18955.000
        433     256     256       d      001   35761.000
        434     256     256       h      001   20184.000
        435     257     257       d      001   35996.000
        436     257     257       h      001   21160.000
        437     258     258       d      001   36541.000
        438     258     258       h      001   22153.000
        439     259     259       d      001   36764.000
        440     259     259       h      001   23013.000
        441     260     260       d      001   36995.000
        442     260     260       h      001   24008.000
        443     261     261       d      001   37411.000
        444     261     261       h      001   25120.000
        445     262     262       d      001   38265.000
        446     262     262       h      001   26242.000
        447     263     263       d      001   38650.000
        448     263     263       h      001   27511.000
        449     264     264       d      001   39013.000
        450     264     264       h      001   28403.000
        451     265     265       d      001   39841.000
        452     265     265       h      001   28955.000
        453     266     266       d      001   40145.000
        454     266     266       h      001   29396.000
        455     267     267       d      001   40415.000
        456     267     267       h      001   30217.000
        457     268     268       d      001   40963.000
        458     268     268       h      001   31098.000
        459     269     269       d      001   42183.000
        460     269     269       h      001   31477.000
        461     270     270       d      001   42511.000
        462     270     270       h      001   31918.000
        463     271     271       d      001   42936.000
        464     271     271       h      001   32654.000
        465     272     272       d      001   43868.000
        466     272     272       h      001   32676.000
        467     273     273       d      001   44222.000
        468     273     273       h      001   32468.000
        469     274     274       d      001   44524.000
        470     274     274       h      001   33050.000
        471     275     275       d      001   45030.000
        472     275     275       h      001   33466.000
        473     276     276       d      001   46249.000
        474     276     276       h      001   33139.000
        475     277     277       d      001   46674.000
        476     277     277       h      001   32811.000
        477     278     278       d      001   47103.000
        478     278     278       h      001   32314.000
        479     279     279       d      001   48241.000
        480     279     279       h      001   31875.000
        481     280     280       d      001   48494.000
        482     280     280       h      001   31365.000
        483     281     281       d      001   48708.000
        484     281     281       h      001   31522.000
        485     282     282       d      001   49208.000
        486     282     282       h      001   31449.000
        487     283     283       d      001   50212.000
        488     283     283       h      001   30594.000
        489     284     284       d      001   50593.000
        490     284     284       h      001   29944.000
        491     285     285       d      001   50932.000
        492     285     285       h      001   29282.000
        493     286     286       d      001   51889.000
        494     286     286       h      001   28620.000
        495     287     287       d      001   52102.000
        496     287     287       h      001   28139.000
        497     288     288       d      001   52300.000
        498     288     288       h      001   28284.000
        499     289     289       d      001   52706.000
        500     289     289       h      001   28229.000
        501     290     290       d      001   53481.000
        502     290     290       h      001   27611.000
        503     291     291       d      001   53790.000
        504     291     291       h      001   26986.000
        505     292     292       d      001   54114.000
        506     292     292       h      001   26675.000
        507     293     293       d      001   54741.000
        508     293     293       h      001   26283.000
        509     294     294       d      001   54955.000
        510     294     294       h      001   26040.000
        511     295     295       d      001   55129.000
        512     295     295       h      001   26262.000
        513     296     296       d      001   55495.000
        514     296     296       h      001   26333.000
        515     297     297       d      001   56326.000
        516     297     297       h      001   25882.000
        517     298     298       d      001   56622.000
        518     298     298       h      001   25526.000
        519     299     299       d      001   56914.000
        520     299     299       h      001   25199.000
        521     300     300       d      001   57541.000
        522     300     300       h      001   24943.000
        523     301     301       d      001   57735.000
        524     301     301       h      001   24948.000
        525     302     302       d      001   57885.000
        526     302     302       h      001   25207.000
        527     303     303       d      001   58256.000
        528     303     303       h      001   25449.000
        529     304     304       d      001   59046.000
        530     304     304       h      001   25207.000
        531     305     305       d      001   59335.000
        532     305     305       h      001   25282.000
        533     306     306       d      001   59593.000
        534     306     306       h      001   25149.000
        535     307     307       d      001   60203.000
        536     307     307       h      001   24945.000
        537     308     308       d      001   60392.000
        538     308     308       h      001   24819.000
        539     309     309       d      001   60523.000
        540     309     309       h      001   24961.000
        541     310     310       d      001   60874.000
        542     310     310       h      001   25201.000
        543     311     311       d      001   61676.000
        544     311     311       h      001   24932.000
        545     312     312       d      001   61952.000
        546     312     312       h      001   24852.000
        547     313     313       d      001   62242.000
        548     313     313       h      001   24607.000
        549     314     314       d      001   62401.000
        550     314     314       h      001   24359.000
        551     315     315       d      001   62547.000
        552     315     315       h      001   24444.000
        553     316     316       d      001   62720.000
        554     316     316       h      001   24620.000
        555     317     317       d      001   63083.000
        556     317     317       h      001   24645.000
        557     318     318       d      001   64052.000
        558     318     318       h      001   24743.000
        559     319     319       d      001   64355.000
        560     319     319       h      001   24560.000
        561     320     320       d      001   64606.000
        562     320     320       h      001   24407.000
        563     321     321       d      001   64739.000
        564     321     321       h      001   24263.000
        565     322     322       d      001   64895.000
        566     322     322       h      001   24458.000
        567     323     323       d      001   65011.000
        568     323     323       h      001   24780.000
        569     324     324       d      001   65389.000
        570     324     324       h      001   24962.000
        571     325     325       d      001   66256.000
        572     325     325       h      001   24871.000
        573     326     326       d      001   66539.000
        574     326     326       h      001   24708.000
        575     327     327       d      001   66815.000
        576     327     327       h      001   24488.000
        577     328     328       d      001   67405.000
        578     328     328       h      001   24377.000
        579     329     329       d      001   67573.000
        580     329     329       h      001   24240.000
        581     330     330       d      001   67724.000
        582     330     330       h      001   24526.000
        583     331     331       d      001   68421.000
        584     331     331       h      001   24812.000
        585     332     332       d      001   68776.000
        586     332     332       h      001   24703.000
        587     333     333       d      001   69005.000
        588     333     333       h      001   24735.000
        589     334     334       h      001   24983.000
        590     335     335       h      001   25009.000
        591     336     336       h      001   24985.000
        592     337     337       h      001   25235.000
        593     338     338       h      001   25584.000
        594     339     339       h      001   25532.000
        595     340     340       h      001   25650.000
        596     341     341       h      001   25699.000
        597     342     342       d      001   72621.000
        598     342     342       h      001   25872.000
        599     343     343       d      001   72851.000
        600     343     343       h      001   25864.000
        601     344     344       d      001   73023.000
        602     344     344       h      001   26357.000
        603     345     345       d      001   73468.000
        604     345     345       h      001   26888.000
        605     346     346       d      001   74080.000
        606     346     346       h      001   27005.000
        607     347     347       d      001   74430.000
        608     347     347       h      001   27131.000
        609     348     348       d      001   74774.000
        610     348     348       h      001   27128.000
        611     349     349       d      001   75594.000
        612     349     349       h      001   27270.000
        613     350     350       d      001   75836.000
        614     350     350       h      001   27242.000
        615     351     351       d      001   76031.000
        616     351     351       h      001   27573.000
        617     352     352       d      001   76486.000
        618     352     352       h      001   27874.000
        619     353     353       d      001   77212.000
        620     353     353       h      001   28029.000
        621     354     354       d      001   77569.000
        622     354     354       h      001   27953.000
        623     355     355       d      001   77926.000
        624     355     355       h      001   27766.000
        625     356     356       d      001   78577.000
        626     356     356       h      001   27572.000
        627     357     357       d      001   78768.000
        628     357     357       h      001   27327.000
        629     358     358       d      001   78939.000
        630     358     358       h      001   27652.000
        631     359     359       d      001   79397.000
        632     359     359       h      001   27995.000
        633     360     360       d      001   80121.000
        634     360     360       h      001   27634.000
        635     361     361       d      001   80417.000
        636     361     361       h      001   27417.000
        637     362     362       d      001   80777.000
        638     362     362       h      001   26963.000
        639     363     363       d      001   81422.000
        640     363     363       h      001   26424.000
        641     364     364       d      001   81621.000
        642     364     364       h      001   26196.000
        643     365     365       d      001   81788.000
        644     365     365       h      001   26401.000
        645     366     366       d      001   82200.000
        646     366     366       h      001   26478.000
        647     367     367       d      001   82786.000
        648     367     367       h      001   26195.000
        649     368     368       d      001   83096.000
        650     368     368       h      001   25929.000
        651     369     369       d      001   83367.000
        652     369     369       h      001   25717.000
        653     370     370       d      001   83938.000
        654     370     370       h      001   25506.000
        655     371     371       d      001   84121.000
        656     371     371       h      001   25269.000
        657     372     372       d      001   84280.000
        658     372     372       h      001   25464.000
        659     373     373       d      001   84613.000
        660     373     373       h      001   25831.000
        661     374     374       d      001   85044.000
        662     374     374       h      001   25660.000
        663     375     375       d      001   85321.000
        664     375     375       h      001   25614.000
        665     376     376       d      001   85582.000
        666     376     376       h      001   25317.000
        667     377     377       d      001   86121.000
        668     377     377       h      001   25130.000
        669     378     378       d      001   86306.000
        670     378     378       h      001   24989.000
        671     379     379       d      001   86428.000
        672     379     379       h      001   25280.000
        673     380     380       d      001   86803.000
        674     380     380       h      001   25430.000
        675     381     381       d      001   87220.000
        676     381     381       h      001   25263.000
        677     382     382       d      001   87542.000
        678     382     382       h      001   25111.000
        679     383     383       d      001   87835.000
        680     383     383       h      001   24891.000
        681     384     384       d      001   88274.000
        682     384     384       h      001   24765.000
        683     385     385       d      001   88444.000
        684     385     385       h      001   24625.000
        685     386     386       d      001   88574.000
        686     386     386       h      001   24818.000
        687     387     387       d      001   88933.000
        688     387     387       h      001   25195.000
        689     388     388       d      001   89301.000
        690     388     388       h      001   25201.000
        691     389     389       d      001   89632.000
        692     389     389       h      001   24969.000
        693     390     390       d      001   89897.000
        694     390     390       h      001   24858.000
        695     391     391       d      001   90120.000
        696     391     391       h      001   24749.000
        697     392     392       d      001   90289.000
        698     392     392       h      001   24671.000
        699     393     393       d      001   90429.000
        700     393     393       h      001   24989.000
        701     394     394       d      001   90762.000
        702     394     394       h      001   25469.000
        703     395     395       d      001   91170.000
        704     395     395       h      001   25492.000
        705     396     396       d      001   91411.000
        706     396     396       h      001   25314.000
        707     397     397       d      001   91679.000
        708     397     397       h      001   25389.000
        709     398     398       d      001   91964.000
        710     398     398       h      001   25339.000
        711     399     399       d      001   92140.000
        712     399     399       h      001   25537.000
        713     400     400       d      001   92278.000
        714     400     400       h      001   25926.000
        715     401     401       d      001   92621.000
        716     401     401       h      001   26488.000
        717     402     402       d      001   92908.000
        718     402     402       h      001   26756.000
        719     403     403       d      001   93153.000
        720     403     403       h      001   26876.000
        721     404     404       d      001   93378.000
        722     404     404       h      001   27036.000
        723     405     405       d      001   94275.000
        724     405     405       h      001   27242.000
        725     406     406       d      001   94465.000
        726     406     406       h      001   27259.000
        727     407     407       d      001   94596.000
        728     407     407       h      001   27712.000
        729     408     408       d      001   94956.000
        730     408     408       h      001   28322.000
        731     409     409       d      001   95337.000
        732     409     409       h      001   28510.000
        733     410     410       d      001   95640.000
        734     410     410       h      001   28463.000
        735     411     411       d      001   95948.000
        736     411     411       h      001   28581.000
        737     412     412       d      001   96280.000
        738     412     412       h      001   28729.000
        739     413     413       d      001   96465.000
        740     413     413       h      001   28886.000
        741     414     414       d      001   96650.000
        742     414     414       h      001   29356.000
        743     415     415       d      001   96847.000
        744     415     415       h      001   29907.000
        745     416     416       d      001   97273.000
        746     416     416       h      001   30639.000
        747     417     417       d      001   97694.000
        748     417     417       h      001   30904.000
        749     418     418       d      001   98037.000
        750     418     418       h      001   30555.000
        751     419     419       d      001   98367.000
        752     419     419       h      001   30326.000
        753     420     420       d      001   98574.000
        754     420     420       h      001   30238.000
        755     421     421       d      001   98750.000
        756     421     421       h      001   30671.000
        757     422     422       d      001   99135.000
        758     422     422       h      001   31262.000
        759     423     423       d      001   99480.000
        760     423     423       h      001   31226.000
        761     424     424       d      001   99777.000
        762     424     424       h      001   30868.000
        763     425     425       d      001  100073.000
        764     425     425       h      001   30668.000
        765     426     426       d      001  100404.000
        766     426     426       h      001   30472.000
        767     427     427       d      001  100593.000
        768     427     427       h      001   30329.000
        769     428     428       d      001  100733.000
        770     428     428       h      001   30789.000
        771     429     429       d      001  101180.000
        772     429     429       h      001   31214.000
        773     430     430       d      001  101568.000
        774     430     430       h      001   31086.000
        775     431     431       d      001  101881.000
        776     431     431       h      001   30954.000
        777     432     432       d      001  102164.000
        778     432     432       h      001   30634.000
        779     433     433       d      001  102496.000
        780     433     433       h      001   30438.000
        781     434     434       d      001  102713.000
        782     434     434       h      001   30100.000
        783     435     435       d      001  102858.000
        784     435     435       h      001   30287.000
        785     436     436       d      001  103256.000
        786     436     436       h      001   30596.000
        787     437     437       d      001  103603.000
        788     437     437       h      001   30281.000
        789     438     438       d      001  103918.000
        790     438     438       h      001   29911.000
        791     439     439       d      001  104224.000
        792     439     439       h      001   29487.000
        793     440     440       d      001  104514.000
        794     440     440       h      001   28930.000
        795     441     441       d      001  104706.000
        796     441     441       h      001   28603.000
        797     442     442       d      001  104819.000
        798     442     442       h      001   28818.000
        799     443     443       d      001  105130.000
        800     443     443       h      001   28950.000
        801     444     444       d      001  105387.000
        802     444     444       h      001   28427.000
        803     445     445       d      001  105631.000
        804     445     445       h      001   27686.000
        805     446     446       d      001  105850.000
        806     446     446       h      001   26985.000
        807     447     447       d      001  106101.000
        808     447     447       h      001   26331.000
        809     448     448       d      001  106277.000
        810     448     448       h      001   25800.000
        811     449     449       d      001  106392.000
        812     449     449       h      001   25797.000
        813     450     450       d      001  106684.000
        814     450     450       h      001   25666.000
        815     451     451       d      001  106935.000
        816     451     451       h      001   25028.000
        817     452     452       d      001  107119.000
        818     452     452       h      001   24254.000
        819     453     453       d      001  107250.000
        820     453     453       h      001   23656.000
        821     454     454       d      001  107423.000
        822     454     454       h      001   23406.000
        823     455     455       d      001  107535.000
        824     455     455       h      001   22950.000
        825     456     456       d      001  107616.000
        826     456     456       h      001   22963.000
        827     457     457       d      001  107812.000
        828     457     457       h      001   22749.000
        829     458     458       d      001  108040.000
        830     458     458       h      001   22058.000
        831     459     459       d      001  108181.000
        832     459     459       h      001   21347.000
        833     460     460       d      001  108314.000
        834     460     460       h      001   20750.000
        835     461     461       d      001  108437.000
        836     461     461       h      001   20209.000
        837     462     462       d      001  108526.000
        838     462     462       h      001   19765.000
        839     463     463       d      001  108596.000
        840     463     463       h      001   19720.000
        841     464     464       d      001  108658.000
        842     464     464       h      001   19701.000
        843     465     465       d      001  108879.000
        844     465     465       h      001   19430.000
        845     466     466       d      001  109023.000
        846     466     466       h      001   18593.000
        847     467     467       d      001  109165.000
        848     467     467       h      001   17941.000
        849     468     468       d      001  109290.000
        850     468     468       h      001   17272.000
        851     469     469       d      001  109358.000
        852     469     469       h      001   16847.000
        853     470     470       d      001  109402.000
        854     470     470       h      001   16775.000
        855     471     471       d      001  109528.000
        856     471     471       h      001   16596.000
        857     472     472       d      001  109662.000
        858     472     472       h      001   16088.000
        859     473     473       d      001  109758.000
        860     473     473       h      001   15638.000
        861     474     474       d      001  109828.000
        862     474     474       h      001   15283.000
        863     475     475       d      001  109916.000
        864     475     475       h      001   14801.000
        865     476     476       d      001  109973.000
        866     476     476       h      001   14532.000
        867     477     477       d      001  109998.000
        868     477     477       h      001   14525.000
        869     478     478       d      001  110062.000
        870     478     478       h      001   14323.000
        871     479     479       d      001  110137.000
        872     479     479       h      001   13984.000
        873     480     480       d      001  110202.000
        874     480     480       h      001   13526.000
        875     481     481       d      001  110270.000
        876     481     481       h      001   13090.000
        877     482     482       d      001  110344.000
        878     482     482       h      001   12712.000
        879     483     483       d      001  110378.000
        880     483     483       h      001   12496.000
        881     484     484       d      001  110391.000
        882     484     484       h      001   12480.000
        883     485     485       d      001  110454.000
        884     485     485       h      001   12374.000
